c:\users\dell\desktop\dsa\gui\finalgui\final\x64\debug\vc143.pdb
c:\users\dell\desktop\dsa\gui\finalgui\final\x64\debug\.netframework,version=v4.8.assemblyattributes.obj
c:\users\dell\desktop\dsa\gui\finalgui\final\x64\debug\source.obj
c:\users\dell\desktop\dsa\gui\finalgui\final\x64\debug\vc142.pdb
c:\users\dell\desktop\dsa\gui\finalgui\final\x64\debug\myform.obj
c:\users\dell\desktop\dsa\gui\finalgui\final\x64\debug\final.myform.resources
c:\users\dell\desktop\dsa\gui\finalgui\x64\debug\finalgui.exe
c:\users\dell\desktop\dsa\gui\finalgui\x64\debug\finalgui.pdb
c:\users\dell\desktop\dsa\gui\finalgui\final\x64\debug\finalgui.tlog\cl.command.1.tlog
c:\users\dell\desktop\dsa\gui\finalgui\final\x64\debug\finalgui.tlog\cl.items.tlog
c:\users\dell\desktop\dsa\gui\finalgui\final\x64\debug\finalgui.tlog\cl.read.1.tlog
c:\users\dell\desktop\dsa\gui\finalgui\final\x64\debug\finalgui.tlog\cl.write.1.tlog
c:\users\dell\desktop\dsa\gui\finalgui\final\x64\debug\finalgui.tlog\finalgui.write.1u.tlog
c:\users\dell\desktop\dsa\gui\finalgui\final\x64\debug\finalgui.tlog\icx-cl-clang-cl.14832.read.1.tlog
c:\users\dell\desktop\dsa\gui\finalgui\final\x64\debug\finalgui.tlog\icx-cl-clang-cl.14832.write.1.tlog
c:\users\dell\desktop\dsa\gui\finalgui\final\x64\debug\finalgui.tlog\icx-cl-clang-cl.34540.read.1.tlog
c:\users\dell\desktop\dsa\gui\finalgui\final\x64\debug\finalgui.tlog\icx-cl-clang-cl.34540.write.1.tlog
c:\users\dell\desktop\dsa\gui\finalgui\final\x64\debug\finalgui.tlog\icx-cl-clang-cl.7460.read.1.tlog
c:\users\dell\desktop\dsa\gui\finalgui\final\x64\debug\finalgui.tlog\icx-cl-clang-cl.7460.write.1.tlog
c:\users\dell\desktop\dsa\gui\finalgui\final\x64\debug\finalgui.tlog\icx-cl-clang-cl.read.1.tlog
c:\users\dell\desktop\dsa\gui\finalgui\final\x64\debug\finalgui.tlog\icx-cl-clang-cl.write.1.tlog
c:\users\dell\desktop\dsa\gui\finalgui\final\x64\debug\finalgui.tlog\icx-cl.command.1.tlog
c:\users\dell\desktop\dsa\gui\finalgui\final\x64\debug\finalgui.tlog\icx-cl.read.1.tlog
c:\users\dell\desktop\dsa\gui\finalgui\final\x64\debug\finalgui.tlog\icx-cl.write.1.tlog
c:\users\dell\desktop\dsa\gui\finalgui\final\x64\debug\finalgui.tlog\link.command.1.tlog
c:\users\dell\desktop\dsa\gui\finalgui\final\x64\debug\finalgui.tlog\link.read.1.tlog
c:\users\dell\desktop\dsa\gui\finalgui\final\x64\debug\finalgui.tlog\link.secondary.1.tlog
c:\users\dell\desktop\dsa\gui\finalgui\final\x64\debug\finalgui.tlog\link.write.1.tlog
c:\users\dell\desktop\dsa\gui\finalgui\final\x64\debug\finalgui.tlog\metagen.read.1.tlog
c:\users\dell\desktop\dsa\gui\finalgui\final\x64\debug\finalgui.tlog\metagen.write.1.tlog
c:\users\dell\desktop\dsa\gui\finalgui\final\x64\debug\finalgui.tlog\rc.command.1.tlog
c:\users\dell\desktop\dsa\gui\finalgui\final\x64\debug\finalgui.tlog\rc.read.1.tlog
c:\users\dell\desktop\dsa\gui\finalgui\final\x64\debug\finalgui.tlog\rc.write.1.tlog
c:\users\dell\desktop\dsa\gui\finalgui\final\x64\debug\finalgui.tlog\resgen.command.1.tlog
c:\users\dell\desktop\dsa\gui\finalgui\final\x64\debug\finalgui.tlog\resgen.read.1.tlog
c:\users\dell\desktop\dsa\gui\finalgui\final\x64\debug\finalgui.tlog\resgen.write.1.tlog
